[35m[Appium][39m Welcome to Appium v1.22.1
[35m[Appium][39m Non-default server args:
[35m[Appium][39m   port: 53494
[35m[Appium][39m   loglevel: info
[35m[Appium][39m   tmpDir: C:\Users\ardia\AppData\Local\Temp\\Katalon\Appium\Temp1640919402964
[35m[Appium][39m   chromedriverPort: 53495
[35m[Appium][39m Deprecated server args:
[35m[Appium][39m   [31m--chromedriver-port[39m => --default-capabilities
[35m[Appium][39m Default capabilities, which will be added to each request unless overridden by desired capabilities:
[35m[Appium][39m   chromedriverPort: 53495
[35m[Appium][39m Appium REST http interface listener started on 0.0.0.0:53494
[35m[HTTP][39m [37m-->[39m [37mGET[39m [37m/wd/hub/status[39m
[35m[HTTP][39m [90m{}[39m
[35m[HTTP][39m [37m<-- GET /wd/hub/status [39m[32m200[39m [90m4 ms - 68[39m
[35m[HTTP][39m [90m[39m
[35m[HTTP][39m [37m-->[39m [37mGET[39m [37m/wd/hub/status[39m
[35m[HTTP][39m [90m{}[39m
[35m[HTTP][39m [37m<-- GET /wd/hub/status [39m[32m200[39m [90m1 ms - 68[39m
[35m[HTTP][39m [90m[39m
[35m[HTTP][39m [37m-->[39m [37mPOST[39m [37m/wd/hub/session[39m
[35m[HTTP][39m [90m{"desiredCapabilities":{"app":"D:\\dota\\FINAL PROJECTS\\MOBILE\\app-debug.apk","noReset":true,"deviceName":"Xiaomi Redmi Note 7 (Android 9)","fullReset":false,"platform":"ANDROID","newCommandTimeout":1800,"platformVersion":"9","automationName":"uiautomator2","autoGrantPermissions":true,"platformName":"Android","udid":"69fbca2b","systemPort":53500},"capabilities":{"firstMatch":[{"appium:app":"D:\\dota\\FINAL PROJECTS\\MOBILE\\app-debug.apk","appium:autoGrantPermissions":true,"appium:automationName":"uiautomator2","appium:deviceName":"Xiaomi Redmi Note 7 (Android 9)","appium:fullReset":false,"appium:newCommandTimeout":1800,"appium:noReset":true,"platform":"ANDROID","platformName":"android","appium:platformVersion":"9","appium:systemPort":53500,"appium:udid":"69fbca2b"}]}}[39m
[35m[BaseDriver][39m The following capabilities are not standard capabilities and should have an extension prefix:
[35m[BaseDriver][39m   platform
[35m[BaseDriver][39m   chromedriverPort
[35m[Appium][39m Appium v1.22.1 creating new AndroidUiautomator2Driver (v1.70.1) session
[35m[BaseDriver][39m The following capabilities were provided, but are not recognized by Appium:
[35m[BaseDriver][39m   platform
[35m[BaseDriver][39m Session created with session id: 5b57e928-a60a-4435-8464-98372485c93b
[35m[BaseDriver][39m Using local app 'D:\dota\FINAL PROJECTS\MOBILE\app-debug.apk'
[35m[ADB][39m Found 1 'build-tools' folders under 'C:\Users\ardia\.katalon\tools\android_sdk' (newest first):
[35m[ADB][39m     C:/Users/ardia/.katalon/tools/android_sdk/build-tools/29.0.3
[35m[ADB][39m Using 'adb.exe' from 'C:\Users\ardia\.katalon\tools\android_sdk\platform-tools\adb.exe'
[35m[AndroidDriver][39m Retrieving device list
[35m[AndroidDriver][39m Using device: 69fbca2b
[35m[ADB][39m Using 'adb.exe' from 'C:\Users\ardia\.katalon\tools\android_sdk\platform-tools\adb.exe'
[35m[ADB][39m Getting device platform version
[35m[UiAutomator2][39m Relaxing hidden api policy
[35m[ADB][39m Package name: 'com.example.mikebanks.bankscorpfinancial'
[35m[ADB][39m Main activity name: 'com.example.mikebanks.bankscorpfinancial.LaunchActivity'
[35m[ADB][39m Using 'apksigner.jar' from 'C:\Users\ardia\.katalon\tools\android_sdk\build-tools\29.0.3\lib\apksigner.jar'
[35m[ADB][39m 'C:\Users\ardia\AppData\Roaming\npm\node_modules\appium\node_modules\appium-uiautomator2-server\apks\appium-uiautomator2-server-v4.27.0.apk' is signed with the default certificate
[35m[ADB][39m 'C:\Users\ardia\AppData\Roaming\npm\node_modules\appium\node_modules\appium-uiautomator2-server\apks\appium-uiautomator2-server-debug-androidTest.apk' is signed with the default certificate
[35m[UiAutomator2][39m Server packages are not going to be (re)installed
[35m[ADB][39m Adding packages ["io.appium.settings","io.appium.uiautomator2.server","io.appium.uiautomator2.server.test"] to Doze whitelist
[35m[ADB][39m 'D:\dota\FINAL PROJECTS\MOBILE\app-debug.apk' is signed with a non-default certificate
[35m[UiAutomator2][39m Starting UIAutomator2 server 4.27.0
[35m[UiAutomator2][39m Using UIAutomator2 server from 'C:\Users\ardia\AppData\Roaming\npm\node_modules\appium\node_modules\appium-uiautomator2-server\apks\appium-uiautomator2-server-v4.27.0.apk' and test from 'C:\Users\ardia\AppData\Roaming\npm\node_modules\appium\node_modules\appium-uiautomator2-server\apks\appium-uiautomator2-server-debug-androidTest.apk'
[35m[UiAutomator2][39m Waiting up to 30000ms for UiAutomator2 to be online...
[35m[WD Proxy][39m socket hang up
[35m[WD Proxy][39m socket hang up
[35m[WD Proxy][39m socket hang up
[35m[WD Proxy][39m socket hang up
[35m[WD Proxy][39m Determined the downstream protocol as 'W3C'
[35m[AndroidDriver][39m Screen already unlocked, doing nothing
[35m[UiAutomator2][39m Starting 'com.example.mikebanks.bankscorpfinancial/com.example.mikebanks.bankscorpfinancial.LaunchActivity and waiting for 'com.example.mikebanks.bankscorpfinancial/com.example.mikebanks.bankscorpfinancial.LaunchActivity'
[35m[Appium][39m New AndroidUiautomator2Driver session created successfully, session 5b57e928-a60a-4435-8464-98372485c93b added to master session list
[35m[HTTP][39m [37m<-- POST /wd/hub/session [39m[32m200[39m [90m9592 ms - 1260[39m
[35m[HTTP][39m [90m[39m
[35m[HTTP][39m [37m-->[39m [37mGET[39m [37m/wd/hub/session/5b57e928-a60a-4435-8464-98372485c93b[39m
[35m[HTTP][39m [90m{}[39m
[35m[HTTP][39m [37m<-- GET /wd/hub/session/5b57e928-a60a-4435-8464-98372485c93b [39m[32m200[39m [90m12 ms - 1214[39m
[35m[HTTP][39m [90m[39m
[35m[HTTP][39m [37m-->[39m [37mGET[39m [37m/wd/hub/session/5b57e928-a60a-4435-8464-98372485c93b[39m
[35m[HTTP][39m [90m{}[39m
[35m[HTTP][39m [37m<-- GET /wd/hub/session/5b57e928-a60a-4435-8464-98372485c93b [39m[32m200[39m [90m19 ms - 1214[39m
[35m[HTTP][39m [90m[39m
[35m[HTTP][39m [37m-->[39m [37mGET[39m [37m/wd/hub/status[39m
[35m[HTTP][39m [90m{}[39m
[35m[HTTP][39m [37m<-- GET /wd/hub/status [39m[32m200[39m [90m1 ms - 68[39m
[35m[HTTP][39m [90m[39m
[35m[HTTP][39m [37m-->[39m [37mPOST[39m [37m/wd/hub/session/5b57e928-a60a-4435-8464-98372485c93b/timeouts[39m
[35m[HTTP][39m [90m{"implicit":60000}[39m
[35m[HTTP][39m [37m<-- POST /wd/hub/session/5b57e928-a60a-4435-8464-98372485c93b/timeouts [39m[32m200[39m [90m3 ms - 14[39m
[35m[HTTP][39m [90m[39m
[35m[HTTP][39m [37m-->[39m [37mGET[39m [37m/wd/hub/session/5b57e928-a60a-4435-8464-98372485c93b/source[39m
[35m[HTTP][39m [90m{}[39m
[35m[W3C (5b57e928)][39m Driver proxy active, passing request on via HTTP proxy
[35m[WD Proxy][39m Replacing sessionId 43a26d0e-2e8c-4082-9654-54c4e91bfda8 with 5b57e928-a60a-4435-8464-98372485c93b
[35m[HTTP][39m [37m<-- GET /wd/hub/session/5b57e928-a60a-4435-8464-98372485c93b/source [39m[32m200[39m [90m555 ms - 10631[39m
[35m[HTTP][39m [90m[39m
[35m[HTTP][39m [37m-->[39m [37mGET[39m [37m/wd/hub/session/5b57e928-a60a-4435-8464-98372485c93b/screenshot[39m
[35m[HTTP][39m [90m{}[39m
[35m[HTTP][39m [37m<-- GET /wd/hub/session/5b57e928-a60a-4435-8464-98372485c93b/screenshot [39m[32m200[39m [90m559 ms - 89902[39m
[35m[HTTP][39m [90m[39m
[35m[HTTP][39m [37m-->[39m [37mPOST[39m [37m/wd/hub/session/5b57e928-a60a-4435-8464-98372485c93b/elements[39m
[35m[HTTP][39m [90m{"using":"xpath","value":"//*[@class = 'android.widget.Button' and (@text = 'LOGIN' or . = 'LOGIN') and @resource-id = 'com.example.mikebanks.bankscorpfinancial:id/btn_login']"}[39m
[35m[HTTP][39m [37m<-- POST /wd/hub/session/5b57e928-a60a-4435-8464-98372485c93b/elements [39m[32m200[39m [90m654 ms - 139[39m
[35m[HTTP][39m [90m[39m
[35m[HTTP][39m [37m-->[39m [37mGET[39m [37m/wd/hub/session/5b57e928-a60a-4435-8464-98372485c93b/window/rect[39m
[35m[HTTP][39m [90m{}[39m
[35m[HTTP][39m [37m<-- GET /wd/hub/session/5b57e928-a60a-4435-8464-98372485c93b/window/rect [39m[32m200[39m [90m29 ms - 50[39m
[35m[HTTP][39m [90m[39m
[35m[HTTP][39m [37m-->[39m [37mPOST[39m [37m/wd/hub/session/5b57e928-a60a-4435-8464-98372485c93b/elements[39m
[35m[HTTP][39m [90m{"using":"xpath","value":"//*[@class = 'android.widget.Button' and (@text = 'LOGIN' or . = 'LOGIN') and @resource-id = 'com.example.mikebanks.bankscorpfinancial:id/btn_login']"}[39m
[35m[HTTP][39m [37m<-- POST /wd/hub/session/5b57e928-a60a-4435-8464-98372485c93b/elements [39m[32m200[39m [90m235 ms - 139[39m
[35m[HTTP][39m [90m[39m
[35m[HTTP][39m [37m-->[39m [37mGET[39m [37m/wd/hub/session/5b57e928-a60a-4435-8464-98372485c93b/element/00000000-0000-3e9f-ffff-ffff0000000e/location[39m
[35m[HTTP][39m [90m{}[39m
[35m[W3C (5b57e928)][39m Driver proxy active, passing request on via HTTP proxy
[35m[WD Proxy][39m Replacing sessionId 43a26d0e-2e8c-4082-9654-54c4e91bfda8 with 5b57e928-a60a-4435-8464-98372485c93b
[35m[HTTP][39m [37m<-- GET /wd/hub/session/5b57e928-a60a-4435-8464-98372485c93b/element/00000000-0000-3e9f-ffff-ffff0000000e/location [39m[32m200[39m [90m44 ms - 78[39m
[35m[HTTP][39m [90m[39m
[35m[HTTP][39m [37m-->[39m [37mPOST[39m [37m/wd/hub/session/5b57e928-a60a-4435-8464-98372485c93b/touch/perform[39m
[35m[HTTP][39m [90m{"actions":[{"action":"tap","options":{"x":1,"y":1,"element":"00000000-0000-3e9f-ffff-ffff0000000e"}}]}[39m
[35m[UiAutomator2][39m calling get location: 00000000-0000-3e9f-ffff-ffff0000000e
[35m[HTTP][39m [37m<-- POST /wd/hub/session/5b57e928-a60a-4435-8464-98372485c93b/touch/perform [39m[32m200[39m [90m223 ms - 14[39m
[35m[HTTP][39m [90m[39m
[35m[HTTP][39m [37m-->[39m [37mGET[39m [37m/wd/hub/session/5b57e928-a60a-4435-8464-98372485c93b/source[39m
[35m[HTTP][39m [90m{}[39m
[35m[W3C (5b57e928)][39m Driver proxy active, passing request on via HTTP proxy
[35m[WD Proxy][39m Replacing sessionId 43a26d0e-2e8c-4082-9654-54c4e91bfda8 with 5b57e928-a60a-4435-8464-98372485c93b
[35m[HTTP][39m [37m<-- GET /wd/hub/session/5b57e928-a60a-4435-8464-98372485c93b/source [39m[32m200[39m [90m704 ms - 10778[39m
[35m[HTTP][39m [90m[39m
[35m[HTTP][39m [37m-->[39m [37mGET[39m [37m/wd/hub/session/5b57e928-a60a-4435-8464-98372485c93b/screenshot[39m
[35m[HTTP][39m [90m{}[39m
[35m[HTTP][39m [37m<-- GET /wd/hub/session/5b57e928-a60a-4435-8464-98372485c93b/screenshot [39m[32m200[39m [90m603 ms - 121312[39m
[35m[HTTP][39m [90m[39m
[35m[HTTP][39m [37m-->[39m [37mPOST[39m [37m/wd/hub/session/5b57e928-a60a-4435-8464-98372485c93b/elements[39m
[35m[HTTP][39m [90m{"using":"xpath","value":"//*[@class = 'android.widget.ImageButton' and (@text = '' or . = '')]"}[39m
[35m[HTTP][39m [37m<-- POST /wd/hub/session/5b57e928-a60a-4435-8464-98372485c93b/elements [39m[32m200[39m [90m226 ms - 139[39m
[35m[HTTP][39m [90m[39m
[35m[HTTP][39m [37m-->[39m [37mGET[39m [37m/wd/hub/session/5b57e928-a60a-4435-8464-98372485c93b/window/rect[39m
[35m[HTTP][39m [90m{}[39m
[35m[HTTP][39m [37m<-- GET /wd/hub/session/5b57e928-a60a-4435-8464-98372485c93b/window/rect [39m[32m200[39m [90m31 ms - 50[39m
[35m[HTTP][39m [90m[39m
[35m[HTTP][39m [37m-->[39m [37mPOST[39m [37m/wd/hub/session/5b57e928-a60a-4435-8464-98372485c93b/elements[39m
[35m[HTTP][39m [90m{"using":"xpath","value":"//*[@class = 'android.widget.ImageButton' and (@text = '' or . = '')]"}[39m
[35m[HTTP][39m [37m<-- POST /wd/hub/session/5b57e928-a60a-4435-8464-98372485c93b/elements [39m[32m200[39m [90m209 ms - 139[39m
[35m[HTTP][39m [90m[39m
[35m[HTTP][39m [37m-->[39m [37mGET[39m [37m/wd/hub/session/5b57e928-a60a-4435-8464-98372485c93b/element/00000000-0000-3ea0-ffff-ffff00000025/location[39m
[35m[HTTP][39m [90m{}[39m
[35m[W3C (5b57e928)][39m Driver proxy active, passing request on via HTTP proxy
[35m[WD Proxy][39m Replacing sessionId 43a26d0e-2e8c-4082-9654-54c4e91bfda8 with 5b57e928-a60a-4435-8464-98372485c93b
[35m[HTTP][39m [37m<-- GET /wd/hub/session/5b57e928-a60a-4435-8464-98372485c93b/element/00000000-0000-3ea0-ffff-ffff00000025/location [39m[32m200[39m [90m34 ms - 75[39m
[35m[HTTP][39m [90m[39m
[35m[HTTP][39m [37m-->[39m [37mPOST[39m [37m/wd/hub/session/5b57e928-a60a-4435-8464-98372485c93b/touch/perform[39m
[35m[HTTP][39m [90m{"actions":[{"action":"tap","options":{"x":1,"y":1,"element":"00000000-0000-3ea0-ffff-ffff00000025"}}]}[39m
[35m[UiAutomator2][39m calling get location: 00000000-0000-3ea0-ffff-ffff00000025
[35m[HTTP][39m [37m<-- POST /wd/hub/session/5b57e928-a60a-4435-8464-98372485c93b/touch/perform [39m[32m200[39m [90m186 ms - 14[39m
[35m[HTTP][39m [90m[39m
[35m[HTTP][39m [37m-->[39m [37mGET[39m [37m/wd/hub/session/5b57e928-a60a-4435-8464-98372485c93b/source[39m
[35m[HTTP][39m [90m{}[39m
[35m[W3C (5b57e928)][39m Driver proxy active, passing request on via HTTP proxy
[35m[WD Proxy][39m Replacing sessionId 43a26d0e-2e8c-4082-9654-54c4e91bfda8 with 5b57e928-a60a-4435-8464-98372485c93b
[35m[HTTP][39m [37m<-- GET /wd/hub/session/5b57e928-a60a-4435-8464-98372485c93b/source [39m[32m200[39m [90m633 ms - 24046[39m
[35m[HTTP][39m [90m[39m
[35m[HTTP][39m [37m-->[39m [37mGET[39m [37m/wd/hub/session/5b57e928-a60a-4435-8464-98372485c93b/screenshot[39m
[35m[HTTP][39m [90m{}[39m
[35m[HTTP][39m [37m<-- GET /wd/hub/session/5b57e928-a60a-4435-8464-98372485c93b/screenshot [39m[32m200[39m [90m710 ms - 281466[39m
[35m[HTTP][39m [90m[39m
[35m[HTTP][39m [37m-->[39m [37mPOST[39m [37m/wd/hub/session/5b57e928-a60a-4435-8464-98372485c93b/elements[39m
[35m[HTTP][39m [90m{"using":"xpath","value":"//*[@class = 'android.widget.CheckedTextView' and (@text = 'Make a Transfer' or . = 'Make a Transfer') and @resource-id = 'com.example.mikebanks.bankscorpfinancial:id/design_menu_item_text']"}[39m
[35m[HTTP][39m [37m<-- POST /wd/hub/session/5b57e928-a60a-4435-8464-98372485c93b/elements [39m[32m200[39m [90m291 ms - 139[39m
[35m[HTTP][39m [90m[39m
[35m[HTTP][39m [37m-->[39m [37mGET[39m [37m/wd/hub/session/5b57e928-a60a-4435-8464-98372485c93b/window/rect[39m
[35m[HTTP][39m [90m{}[39m
[35m[HTTP][39m [37m<-- GET /wd/hub/session/5b57e928-a60a-4435-8464-98372485c93b/window/rect [39m[32m200[39m [90m20 ms - 50[39m
[35m[HTTP][39m [90m[39m
[35m[HTTP][39m [37m-->[39m [37mPOST[39m [37m/wd/hub/session/5b57e928-a60a-4435-8464-98372485c93b/elements[39m
[35m[HTTP][39m [90m{"using":"xpath","value":"//*[@class = 'android.widget.CheckedTextView' and (@text = 'Make a Transfer' or . = 'Make a Transfer') and @resource-id = 'com.example.mikebanks.bankscorpfinancial:id/design_menu_item_text']"}[39m
[35m[HTTP][39m [37m<-- POST /wd/hub/session/5b57e928-a60a-4435-8464-98372485c93b/elements [39m[32m200[39m [90m243 ms - 139[39m
[35m[HTTP][39m [90m[39m
[35m[HTTP][39m [37m-->[39m [37mGET[39m [37m/wd/hub/session/5b57e928-a60a-4435-8464-98372485c93b/element/00000000-0000-3ea0-ffff-ffff00000043/location[39m
[35m[HTTP][39m [90m{}[39m
[35m[W3C (5b57e928)][39m Driver proxy active, passing request on via HTTP proxy
[35m[WD Proxy][39m Replacing sessionId 43a26d0e-2e8c-4082-9654-54c4e91bfda8 with 5b57e928-a60a-4435-8464-98372485c93b
[35m[HTTP][39m [37m<-- GET /wd/hub/session/5b57e928-a60a-4435-8464-98372485c93b/element/00000000-0000-3ea0-ffff-ffff00000043/location [39m[32m200[39m [90m27 ms - 77[39m
[35m[HTTP][39m [90m[39m
[35m[HTTP][39m [37m-->[39m [37mPOST[39m [37m/wd/hub/session/5b57e928-a60a-4435-8464-98372485c93b/touch/perform[39m
[35m[HTTP][39m [90m{"actions":[{"action":"tap","options":{"x":1,"y":1,"element":"00000000-0000-3ea0-ffff-ffff00000043"}}]}[39m
[35m[UiAutomator2][39m calling get location: 00000000-0000-3ea0-ffff-ffff00000043
[35m[HTTP][39m [37m<-- POST /wd/hub/session/5b57e928-a60a-4435-8464-98372485c93b/touch/perform [39m[32m200[39m [90m186 ms - 14[39m
[35m[HTTP][39m [90m[39m
[35m[HTTP][39m [37m-->[39m [37mGET[39m [37m/wd/hub/session/5b57e928-a60a-4435-8464-98372485c93b/source[39m
[35m[HTTP][39m [90m{}[39m
[35m[W3C (5b57e928)][39m Driver proxy active, passing request on via HTTP proxy
[35m[WD Proxy][39m Replacing sessionId 43a26d0e-2e8c-4082-9654-54c4e91bfda8 with 5b57e928-a60a-4435-8464-98372485c93b
[35m[HTTP][39m [37m<-- GET /wd/hub/session/5b57e928-a60a-4435-8464-98372485c93b/source [39m[32m200[39m [90m567 ms - 9032[39m
[35m[HTTP][39m [90m[39m
[35m[HTTP][39m [37m-->[39m [37mGET[39m [37m/wd/hub/session/5b57e928-a60a-4435-8464-98372485c93b/screenshot[39m
[35m[HTTP][39m [90m{}[39m
[35m[HTTP][39m [37m<-- GET /wd/hub/session/5b57e928-a60a-4435-8464-98372485c93b/screenshot [39m[32m200[39m [90m644 ms - 252954[39m
[35m[HTTP][39m [90m[39m
[35m[HTTP][39m [37m-->[39m [37mPOST[39m [37m/wd/hub/session/5b57e928-a60a-4435-8464-98372485c93b/elements[39m
[35m[HTTP][39m [90m{"using":"xpath","value":"//*[@class = 'android.widget.Button' and (@text = 'ADD ACCOUNT' or . = 'ADD ACCOUNT') and @resource-id = 'android:id/button1']"}[39m
[35m[HTTP][39m [37m<-- POST /wd/hub/session/5b57e928-a60a-4435-8464-98372485c93b/elements [39m[32m200[39m [90m114 ms - 139[39m
[35m[HTTP][39m [90m[39m
[35m[HTTP][39m [37m-->[39m [37mGET[39m [37m/wd/hub/session/5b57e928-a60a-4435-8464-98372485c93b/window/rect[39m
[35m[HTTP][39m [90m{}[39m
[35m[HTTP][39m [37m<-- GET /wd/hub/session/5b57e928-a60a-4435-8464-98372485c93b/window/rect [39m[32m200[39m [90m18 ms - 50[39m
[35m[HTTP][39m [90m[39m
[35m[HTTP][39m [37m-->[39m [37mPOST[39m [37m/wd/hub/session/5b57e928-a60a-4435-8464-98372485c93b/elements[39m
[35m[HTTP][39m [90m{"using":"xpath","value":"//*[@class = 'android.widget.Button' and (@text = 'ADD ACCOUNT' or . = 'ADD ACCOUNT') and @resource-id = 'android:id/button1']"}[39m
[35m[HTTP][39m [37m<-- POST /wd/hub/session/5b57e928-a60a-4435-8464-98372485c93b/elements [39m[32m200[39m [90m127 ms - 139[39m
[35m[HTTP][39m [90m[39m
[35m[HTTP][39m [37m-->[39m [37mGET[39m [37m/wd/hub/session/5b57e928-a60a-4435-8464-98372485c93b/element/00000000-0000-3ea1-ffff-ffff0000005e/location[39m
[35m[HTTP][39m [90m{}[39m
[35m[W3C (5b57e928)][39m Driver proxy active, passing request on via HTTP proxy
[35m[WD Proxy][39m Replacing sessionId 43a26d0e-2e8c-4082-9654-54c4e91bfda8 with 5b57e928-a60a-4435-8464-98372485c93b
[35m[HTTP][39m [37m<-- GET /wd/hub/session/5b57e928-a60a-4435-8464-98372485c93b/element/00000000-0000-3ea1-ffff-ffff0000005e/location [39m[32m200[39m [90m40 ms - 79[39m
[35m[HTTP][39m [90m[39m
[35m[HTTP][39m [37m-->[39m [37mPOST[39m [37m/wd/hub/session/5b57e928-a60a-4435-8464-98372485c93b/touch/perform[39m
[35m[HTTP][39m [90m{"actions":[{"action":"tap","options":{"x":1,"y":1,"element":"00000000-0000-3ea1-ffff-ffff0000005e"}}]}[39m
[35m[UiAutomator2][39m calling get location: 00000000-0000-3ea1-ffff-ffff0000005e
[35m[HTTP][39m [37m<-- POST /wd/hub/session/5b57e928-a60a-4435-8464-98372485c93b/touch/perform [39m[32m200[39m [90m198 ms - 14[39m
[35m[HTTP][39m [90m[39m
[35m[HTTP][39m [37m-->[39m [37mGET[39m [37m/wd/hub/session/5b57e928-a60a-4435-8464-98372485c93b/source[39m
[35m[HTTP][39m [90m{}[39m
[35m[W3C (5b57e928)][39m Driver proxy active, passing request on via HTTP proxy
[35m[WD Proxy][39m Replacing sessionId 43a26d0e-2e8c-4082-9654-54c4e91bfda8 with 5b57e928-a60a-4435-8464-98372485c93b
[35m[HTTP][39m [37m<-- GET /wd/hub/session/5b57e928-a60a-4435-8464-98372485c93b/source [39m[32m200[39m [90m814 ms - 4380[39m
[35m[HTTP][39m [90m[39m
[35m[HTTP][39m [37m-->[39m [37mGET[39m [37m/wd/hub/session/5b57e928-a60a-4435-8464-98372485c93b/screenshot[39m
[35m[HTTP][39m [90m{}[39m
[35m[HTTP][39m [37m<-- GET /wd/hub/session/5b57e928-a60a-4435-8464-98372485c93b/screenshot [39m[32m200[39m [90m641 ms - 194320[39m
[35m[HTTP][39m [90m[39m
[35m[HTTP][39m [37m-->[39m [37mPOST[39m [37m/wd/hub/session/5b57e928-a60a-4435-8464-98372485c93b/elements[39m
[35m[HTTP][39m [90m{"using":"xpath","value":"//*[@class = 'android.widget.EditText' and (@text = 'Account Name' or . = 'Account Name') and @resource-id = 'com.example.mikebanks.bankscorpfinancial:id/edt_payee_name']"}[39m
[35m[HTTP][39m [37m<-- POST /wd/hub/session/5b57e928-a60a-4435-8464-98372485c93b/elements [39m[32m200[39m [90m121 ms - 139[39m
[35m[HTTP][39m [90m[39m
[35m[HTTP][39m [37m-->[39m [37mGET[39m [37m/wd/hub/session/5b57e928-a60a-4435-8464-98372485c93b/window/rect[39m
[35m[HTTP][39m [90m{}[39m
[35m[HTTP][39m [37m<-- GET /wd/hub/session/5b57e928-a60a-4435-8464-98372485c93b/window/rect [39m[32m200[39m [90m20 ms - 50[39m
[35m[HTTP][39m [90m[39m
[35m[HTTP][39m [37m-->[39m [37mPOST[39m [37m/wd/hub/session/5b57e928-a60a-4435-8464-98372485c93b/elements[39m
[35m[HTTP][39m [90m{"using":"xpath","value":"//*[@class = 'android.widget.EditText' and (@text = 'Account Name' or . = 'Account Name') and @resource-id = 'com.example.mikebanks.bankscorpfinancial:id/edt_payee_name']"}[39m
[35m[HTTP][39m [37m<-- POST /wd/hub/session/5b57e928-a60a-4435-8464-98372485c93b/elements [39m[32m200[39m [90m112 ms - 139[39m
[35m[HTTP][39m [90m[39m
[35m[HTTP][39m [37m-->[39m [37mGET[39m [37m/wd/hub/session/5b57e928-a60a-4435-8464-98372485c93b/element/00000000-0000-3ea2-ffff-ffff00000067/location[39m
[35m[HTTP][39m [90m{}[39m
[35m[W3C (5b57e928)][39m Driver proxy active, passing request on via HTTP proxy
[35m[WD Proxy][39m Replacing sessionId 43a26d0e-2e8c-4082-9654-54c4e91bfda8 with 5b57e928-a60a-4435-8464-98372485c93b
[35m[HTTP][39m [37m<-- GET /wd/hub/session/5b57e928-a60a-4435-8464-98372485c93b/element/00000000-0000-3ea2-ffff-ffff00000067/location [39m[32m200[39m [90m28 ms - 78[39m
[35m[HTTP][39m [90m[39m
[35m[HTTP][39m [37m-->[39m [37mPOST[39m [37m/wd/hub/session/5b57e928-a60a-4435-8464-98372485c93b/element/00000000-0000-3ea2-ffff-ffff00000067/clear[39m
[35m[HTTP][39m [90m{"id":"00000000-0000-3ea2-ffff-ffff00000067"}[39m
[35m[HTTP][39m [37m<-- POST /wd/hub/session/5b57e928-a60a-4435-8464-98372485c93b/element/00000000-0000-3ea2-ffff-ffff00000067/clear [39m[32m200[39m [90m59 ms - 14[39m
[35m[HTTP][39m [90m[39m
[35m[HTTP][39m [37m-->[39m [37mPOST[39m [37m/wd/hub/session/5b57e928-a60a-4435-8464-98372485c93b/element/00000000-0000-3ea2-ffff-ffff00000067/value[39m
[35m[HTTP][39m [90m{"id":"00000000-0000-3ea2-ffff-ffff00000067","text":"Bastianaselole","value":["B","a","s","t","i","a","n","a","s","e","l","o","l","e"]}[39m
[35m[HTTP][39m [37m<-- POST /wd/hub/session/5b57e928-a60a-4435-8464-98372485c93b/element/00000000-0000-3ea2-ffff-ffff00000067/value [39m[32m200[39m [90m1341 ms - 14[39m
[35m[HTTP][39m [90m[39m
[35m[HTTP][39m [37m-->[39m [37mGET[39m [37m/wd/hub/session/5b57e928-a60a-4435-8464-98372485c93b/source[39m
[35m[HTTP][39m [90m{}[39m
[35m[W3C (5b57e928)][39m Driver proxy active, passing request on via HTTP proxy
[35m[WD Proxy][39m Replacing sessionId 43a26d0e-2e8c-4082-9654-54c4e91bfda8 with 5b57e928-a60a-4435-8464-98372485c93b
[35m[HTTP][39m [37m<-- GET /wd/hub/session/5b57e928-a60a-4435-8464-98372485c93b/source [39m[32m200[39m [90m66 ms - 4382[39m
[35m[HTTP][39m [90m[39m
[35m[HTTP][39m [37m-->[39m [37mGET[39m [37m/wd/hub/session/5b57e928-a60a-4435-8464-98372485c93b/screenshot[39m
[35m[HTTP][39m [90m{}[39m
[35m[HTTP][39m [37m<-- GET /wd/hub/session/5b57e928-a60a-4435-8464-98372485c93b/screenshot [39m[32m200[39m [90m611 ms - 195046[39m
[35m[HTTP][39m [90m[39m
[35m[HTTP][39m [37m-->[39m [37mPOST[39m [37m/wd/hub/session/5b57e928-a60a-4435-8464-98372485c93b/elements[39m
[35m[HTTP][39m [90m{"using":"xpath","value":"//*[@class = 'android.widget.EditText' and (@text = 'Initial Balance (Optional)' or . = 'Initial Balance (Optional)') and @resource-id = 'com.example.mikebanks.bankscorpfinancial:id/edt_init_bal']"}[39m
[35m[HTTP][39m [37m<-- POST /wd/hub/session/5b57e928-a60a-4435-8464-98372485c93b/elements [39m[32m200[39m [90m114 ms - 139[39m
[35m[HTTP][39m [90m[39m
[35m[HTTP][39m [37m-->[39m [37mGET[39m [37m/wd/hub/session/5b57e928-a60a-4435-8464-98372485c93b/window/rect[39m
[35m[HTTP][39m [90m{}[39m
[35m[HTTP][39m [37m<-- GET /wd/hub/session/5b57e928-a60a-4435-8464-98372485c93b/window/rect [39m[32m200[39m [90m22 ms - 50[39m
[35m[HTTP][39m [90m[39m
[35m[HTTP][39m [37m-->[39m [37mPOST[39m [37m/wd/hub/session/5b57e928-a60a-4435-8464-98372485c93b/elements[39m
[35m[HTTP][39m [90m{"using":"xpath","value":"//*[@class = 'android.widget.EditText' and (@text = 'Initial Balance (Optional)' or . = 'Initial Balance (Optional)') and @resource-id = 'com.example.mikebanks.bankscorpfinancial:id/edt_init_bal']"}[39m
[35m[HTTP][39m [37m<-- POST /wd/hub/session/5b57e928-a60a-4435-8464-98372485c93b/elements [39m[32m200[39m [90m125 ms - 139[39m
[35m[HTTP][39m [90m[39m
[35m[HTTP][39m [37m-->[39m [37mGET[39m [37m/wd/hub/session/5b57e928-a60a-4435-8464-98372485c93b/element/00000000-0000-3ea2-ffff-ffff0000006c/location[39m
[35m[HTTP][39m [90m{}[39m
[35m[W3C (5b57e928)][39m Driver proxy active, passing request on via HTTP proxy
[35m[WD Proxy][39m Replacing sessionId 43a26d0e-2e8c-4082-9654-54c4e91bfda8 with 5b57e928-a60a-4435-8464-98372485c93b
[35m[HTTP][39m [37m<-- GET /wd/hub/session/5b57e928-a60a-4435-8464-98372485c93b/element/00000000-0000-3ea2-ffff-ffff0000006c/location [39m[32m200[39m [90m31 ms - 78[39m
[35m[HTTP][39m [90m[39m
[35m[HTTP][39m [37m-->[39m [37mPOST[39m [37m/wd/hub/session/5b57e928-a60a-4435-8464-98372485c93b/element/00000000-0000-3ea2-ffff-ffff0000006c/clear[39m
[35m[HTTP][39m [90m{"id":"00000000-0000-3ea2-ffff-ffff0000006c"}[39m
[35m[HTTP][39m [37m<-- POST /wd/hub/session/5b57e928-a60a-4435-8464-98372485c93b/element/00000000-0000-3ea2-ffff-ffff0000006c/clear [39m[32m200[39m [90m65 ms - 14[39m
[35m[HTTP][39m [90m[39m
[35m[HTTP][39m [37m-->[39m [37mPOST[39m [37m/wd/hub/session/5b57e928-a60a-4435-8464-98372485c93b/element/00000000-0000-3ea2-ffff-ffff0000006c/value[39m
[35m[HTTP][39m [90m{"id":"00000000-0000-3ea2-ffff-ffff0000006c","text":"100000000","value":["1","0","0","0","0","0","0","0","0"]}[39m
[35m[HTTP][39m [37m<-- POST /wd/hub/session/5b57e928-a60a-4435-8464-98372485c93b/element/00000000-0000-3ea2-ffff-ffff0000006c/value [39m[32m200[39m [90m1035 ms - 14[39m
[35m[HTTP][39m [90m[39m
[35m[HTTP][39m [37m-->[39m [37mGET[39m [37m/wd/hub/session/5b57e928-a60a-4435-8464-98372485c93b/source[39m
[35m[HTTP][39m [90m{}[39m
[35m[W3C (5b57e928)][39m Driver proxy active, passing request on via HTTP proxy
[35m[WD Proxy][39m Replacing sessionId 43a26d0e-2e8c-4082-9654-54c4e91bfda8 with 5b57e928-a60a-4435-8464-98372485c93b
[35m[HTTP][39m [37m<-- GET /wd/hub/session/5b57e928-a60a-4435-8464-98372485c93b/source [39m[32m200[39m [90m63 ms - 4365[39m
[35m[HTTP][39m [90m[39m
[35m[HTTP][39m [37m-->[39m [37mGET[39m [37m/wd/hub/session/5b57e928-a60a-4435-8464-98372485c93b/screenshot[39m
[35m[HTTP][39m [90m{}[39m
[35m[HTTP][39m [37m<-- GET /wd/hub/session/5b57e928-a60a-4435-8464-98372485c93b/screenshot [39m[32m200[39m [90m598 ms - 187192[39m
[35m[HTTP][39m [90m[39m
[35m[HTTP][39m [37m-->[39m [37mPOST[39m [37m/wd/hub/session/5b57e928-a60a-4435-8464-98372485c93b/elements[39m
[35m[HTTP][39m [90m{"using":"xpath","value":"//*[@class = 'android.widget.Button' and (@text = 'ADD' or . = 'ADD') and @resource-id = 'com.example.mikebanks.bankscorpfinancial:id/btn_add_payee']"}[39m
[35m[HTTP][39m [37m<-- POST /wd/hub/session/5b57e928-a60a-4435-8464-98372485c93b/elements [39m[32m200[39m [90m116 ms - 139[39m
[35m[HTTP][39m [90m[39m
[35m[HTTP][39m [37m-->[39m [37mGET[39m [37m/wd/hub/session/5b57e928-a60a-4435-8464-98372485c93b/window/rect[39m
[35m[HTTP][39m [90m{}[39m
[35m[HTTP][39m [37m<-- GET /wd/hub/session/5b57e928-a60a-4435-8464-98372485c93b/window/rect [39m[32m200[39m [90m23 ms - 50[39m
[35m[HTTP][39m [90m[39m
[35m[HTTP][39m [37m-->[39m [37mPOST[39m [37m/wd/hub/session/5b57e928-a60a-4435-8464-98372485c93b/elements[39m
[35m[HTTP][39m [90m{"using":"xpath","value":"//*[@class = 'android.widget.Button' and (@text = 'ADD' or . = 'ADD') and @resource-id = 'com.example.mikebanks.bankscorpfinancial:id/btn_add_payee']"}[39m
[35m[HTTP][39m [37m<-- POST /wd/hub/session/5b57e928-a60a-4435-8464-98372485c93b/elements [39m[32m200[39m [90m108 ms - 139[39m
[35m[HTTP][39m [90m[39m
[35m[HTTP][39m [37m-->[39m [37mGET[39m [37m/wd/hub/session/5b57e928-a60a-4435-8464-98372485c93b/element/00000000-0000-3ea2-ffff-ffff0000006e/location[39m
[35m[HTTP][39m [90m{}[39m
[35m[W3C (5b57e928)][39m Driver proxy active, passing request on via HTTP proxy
[35m[WD Proxy][39m Replacing sessionId 43a26d0e-2e8c-4082-9654-54c4e91bfda8 with 5b57e928-a60a-4435-8464-98372485c93b
[35m[HTTP][39m [37m<-- GET /wd/hub/session/5b57e928-a60a-4435-8464-98372485c93b/element/00000000-0000-3ea2-ffff-ffff0000006e/location [39m[32m200[39m [90m30 ms - 78[39m
[35m[HTTP][39m [90m[39m
[35m[HTTP][39m [37m-->[39m [37mPOST[39m [37m/wd/hub/session/5b57e928-a60a-4435-8464-98372485c93b/touch/perform[39m
[35m[HTTP][39m [90m{"actions":[{"action":"tap","options":{"x":1,"y":1,"element":"00000000-0000-3ea2-ffff-ffff0000006e"}}]}[39m
[35m[UiAutomator2][39m calling get location: 00000000-0000-3ea2-ffff-ffff0000006e
[35m[HTTP][39m [37m<-- POST /wd/hub/session/5b57e928-a60a-4435-8464-98372485c93b/touch/perform [39m[32m200[39m [90m174 ms - 14[39m
[35m[HTTP][39m [90m[39m
[35m[HTTP][39m [37m-->[39m [37mGET[39m [37m/wd/hub/session/5b57e928-a60a-4435-8464-98372485c93b/source[39m
[35m[HTTP][39m [90m{}[39m
[35m[W3C (5b57e928)][39m Driver proxy active, passing request on via HTTP proxy
[35m[WD Proxy][39m Replacing sessionId 43a26d0e-2e8c-4082-9654-54c4e91bfda8 with 5b57e928-a60a-4435-8464-98372485c93b
[35m[HTTP][39m [37m<-- GET /wd/hub/session/5b57e928-a60a-4435-8464-98372485c93b/source [39m[32m200[39m [90m78 ms - 4541[39m
[35m[HTTP][39m [90m[39m
[35m[HTTP][39m [37m-->[39m [37mGET[39m [37m/wd/hub/session/5b57e928-a60a-4435-8464-98372485c93b/screenshot[39m
[35m[HTTP][39m [90m{}[39m
[35m[HTTP][39m [37m<-- GET /wd/hub/session/5b57e928-a60a-4435-8464-98372485c93b/screenshot [39m[32m200[39m [90m639 ms - 213660[39m
[35m[HTTP][39m [90m[39m
[35m[HTTP][39m [37m-->[39m [37mPOST[39m [37m/wd/hub/session/5b57e928-a60a-4435-8464-98372485c93b/elements[39m
[35m[HTTP][39m [90m{"using":"xpath","value":"//*[@class = 'android.widget.EditText' and (@text = 'Account Name' or . = 'Account Name') and @resource-id = 'com.example.mikebanks.bankscorpfinancial:id/edt_payee_name']"}[39m
[35m[HTTP][39m [37m<-- POST /wd/hub/session/5b57e928-a60a-4435-8464-98372485c93b/elements [39m[32m200[39m [90m112 ms - 139[39m
[35m[HTTP][39m [90m[39m
[35m[HTTP][39m [37m-->[39m [37mGET[39m [37m/wd/hub/session/5b57e928-a60a-4435-8464-98372485c93b/window/rect[39m
[35m[HTTP][39m [90m{}[39m
[35m[HTTP][39m [37m<-- GET /wd/hub/session/5b57e928-a60a-4435-8464-98372485c93b/window/rect [39m[32m200[39m [90m21 ms - 50[39m
[35m[HTTP][39m [90m[39m
[35m[HTTP][39m [37m-->[39m [37mPOST[39m [37m/wd/hub/session/5b57e928-a60a-4435-8464-98372485c93b/elements[39m
[35m[HTTP][39m [90m{"using":"xpath","value":"//*[@class = 'android.widget.EditText' and (@text = 'Account Name' or . = 'Account Name') and @resource-id = 'com.example.mikebanks.bankscorpfinancial:id/edt_payee_name']"}[39m
[35m[HTTP][39m [37m<-- POST /wd/hub/session/5b57e928-a60a-4435-8464-98372485c93b/elements [39m[32m200[39m [90m125 ms - 139[39m
[35m[HTTP][39m [90m[39m
[35m[HTTP][39m [37m-->[39m [37mGET[39m [37m/wd/hub/session/5b57e928-a60a-4435-8464-98372485c93b/element/00000000-0000-3ea2-ffff-ffff00000067/location[39m
[35m[HTTP][39m [90m{}[39m
[35m[W3C (5b57e928)][39m Driver proxy active, passing request on via HTTP proxy
[35m[WD Proxy][39m Replacing sessionId 43a26d0e-2e8c-4082-9654-54c4e91bfda8 with 5b57e928-a60a-4435-8464-98372485c93b
[35m[HTTP][39m [37m<-- GET /wd/hub/session/5b57e928-a60a-4435-8464-98372485c93b/element/00000000-0000-3ea2-ffff-ffff00000067/location [39m[32m200[39m [90m30 ms - 78[39m
[35m[HTTP][39m [90m[39m
[35m[HTTP][39m [37m-->[39m [37mPOST[39m [37m/wd/hub/session/5b57e928-a60a-4435-8464-98372485c93b/touch/perform[39m
[35m[HTTP][39m [90m{"actions":[{"action":"tap","options":{"x":1,"y":1,"element":"00000000-0000-3ea2-ffff-ffff00000067"}}]}[39m
[35m[UiAutomator2][39m calling get location: 00000000-0000-3ea2-ffff-ffff00000067
[35m[HTTP][39m [37m<-- POST /wd/hub/session/5b57e928-a60a-4435-8464-98372485c93b/touch/perform [39m[32m200[39m [90m188 ms - 14[39m
[35m[HTTP][39m [90m[39m
[35m[HTTP][39m [37m-->[39m [37mGET[39m [37m/wd/hub/session/5b57e928-a60a-4435-8464-98372485c93b/source[39m
[35m[HTTP][39m [90m{}[39m
[35m[W3C (5b57e928)][39m Driver proxy active, passing request on via HTTP proxy
[35m[WD Proxy][39m Replacing sessionId 43a26d0e-2e8c-4082-9654-54c4e91bfda8 with 5b57e928-a60a-4435-8464-98372485c93b
[35m[HTTP][39m [37m<-- GET /wd/hub/session/5b57e928-a60a-4435-8464-98372485c93b/source [39m[32m200[39m [90m63 ms - 4363[39m
[35m[HTTP][39m [90m[39m
[35m[HTTP][39m [37m-->[39m [37mGET[39m [37m/wd/hub/session/5b57e928-a60a-4435-8464-98372485c93b/screenshot[39m
[35m[HTTP][39m [90m{}[39m
[35m[HTTP][39m [37m<-- GET /wd/hub/session/5b57e928-a60a-4435-8464-98372485c93b/screenshot [39m[32m200[39m [90m618 ms - 187612[39m
[35m[HTTP][39m [90m[39m
[35m[HTTP][39m [37m-->[39m [37mPOST[39m [37m/wd/hub/session/5b57e928-a60a-4435-8464-98372485c93b/elements[39m
[35m[HTTP][39m [90m{"using":"xpath","value":"//*[@class = 'android.widget.EditText' and (@text = 'Account Name' or . = 'Account Name') and @resource-id = 'com.example.mikebanks.bankscorpfinancial:id/edt_payee_name']"}[39m
[35m[HTTP][39m [37m<-- POST /wd/hub/session/5b57e928-a60a-4435-8464-98372485c93b/elements [39m[32m200[39m [90m109 ms - 139[39m
[35m[HTTP][39m [90m[39m
[35m[HTTP][39m [37m-->[39m [37mGET[39m [37m/wd/hub/session/5b57e928-a60a-4435-8464-98372485c93b/window/rect[39m
[35m[HTTP][39m [90m{}[39m
[35m[HTTP][39m [37m<-- GET /wd/hub/session/5b57e928-a60a-4435-8464-98372485c93b/window/rect [39m[32m200[39m [90m22 ms - 50[39m
[35m[HTTP][39m [90m[39m
[35m[HTTP][39m [37m-->[39m [37mPOST[39m [37m/wd/hub/session/5b57e928-a60a-4435-8464-98372485c93b/elements[39m
[35m[HTTP][39m [90m{"using":"xpath","value":"//*[@class = 'android.widget.EditText' and (@text = 'Account Name' or . = 'Account Name') and @resource-id = 'com.example.mikebanks.bankscorpfinancial:id/edt_payee_name']"}[39m
[35m[HTTP][39m [37m<-- POST /wd/hub/session/5b57e928-a60a-4435-8464-98372485c93b/elements [39m[32m200[39m [90m106 ms - 139[39m
[35m[HTTP][39m [90m[39m
[35m[HTTP][39m [37m-->[39m [37mGET[39m [37m/wd/hub/session/5b57e928-a60a-4435-8464-98372485c93b/element/00000000-0000-3ea2-ffff-ffff00000067/location[39m
[35m[HTTP][39m [90m{}[39m
[35m[W3C (5b57e928)][39m Driver proxy active, passing request on via HTTP proxy
[35m[WD Proxy][39m Replacing sessionId 43a26d0e-2e8c-4082-9654-54c4e91bfda8 with 5b57e928-a60a-4435-8464-98372485c93b
[35m[HTTP][39m [37m<-- GET /wd/hub/session/5b57e928-a60a-4435-8464-98372485c93b/element/00000000-0000-3ea2-ffff-ffff00000067/location [39m[32m200[39m [90m37 ms - 78[39m
[35m[HTTP][39m [90m[39m
[35m[HTTP][39m [37m-->[39m [37mPOST[39m [37m/wd/hub/session/5b57e928-a60a-4435-8464-98372485c93b/element/00000000-0000-3ea2-ffff-ffff00000067/clear[39m
[35m[HTTP][39m [90m{"id":"00000000-0000-3ea2-ffff-ffff00000067"}[39m
[35m[HTTP][39m [37m<-- POST /wd/hub/session/5b57e928-a60a-4435-8464-98372485c93b/element/00000000-0000-3ea2-ffff-ffff00000067/clear [39m[32m200[39m [90m55 ms - 14[39m
[35m[HTTP][39m [90m[39m
[35m[HTTP][39m [37m-->[39m [37mPOST[39m [37m/wd/hub/session/5b57e928-a60a-4435-8464-98372485c93b/element/00000000-0000-3ea2-ffff-ffff00000067/value[39m
[35m[HTTP][39m [90m{"id":"00000000-0000-3ea2-ffff-ffff00000067","text":"Bastian","value":["B","a","s","t","i","a","n"]}[39m
[35m[HTTP][39m [37m<-- POST /wd/hub/session/5b57e928-a60a-4435-8464-98372485c93b/element/00000000-0000-3ea2-ffff-ffff00000067/value [39m[32m200[39m [90m1073 ms - 14[39m
[35m[HTTP][39m [90m[39m
[35m[HTTP][39m [37m-->[39m [37mGET[39m [37m/wd/hub/session/5b57e928-a60a-4435-8464-98372485c93b/source[39m
[35m[HTTP][39m [90m{}[39m
[35m[W3C (5b57e928)][39m Driver proxy active, passing request on via HTTP proxy
[35m[WD Proxy][39m Replacing sessionId 43a26d0e-2e8c-4082-9654-54c4e91bfda8 with 5b57e928-a60a-4435-8464-98372485c93b
[35m[HTTP][39m [37m<-- GET /wd/hub/session/5b57e928-a60a-4435-8464-98372485c93b/source [39m[32m200[39m [90m69 ms - 4358[39m
[35m[HTTP][39m [90m[39m
[35m[HTTP][39m [37m-->[39m [37mGET[39m [37m/wd/hub/session/5b57e928-a60a-4435-8464-98372485c93b/screenshot[39m
[35m[HTTP][39m [90m{}[39m
[35m[HTTP][39m [37m<-- GET /wd/hub/session/5b57e928-a60a-4435-8464-98372485c93b/screenshot [39m[32m200[39m [90m621 ms - 184122[39m
[35m[HTTP][39m [90m[39m
[35m[HTTP][39m [37m-->[39m [37mPOST[39m [37m/wd/hub/session/5b57e928-a60a-4435-8464-98372485c93b/elements[39m
[35m[HTTP][39m [90m{"using":"xpath","value":"//*[@class = 'android.widget.Button' and (@text = 'ADD' or . = 'ADD') and @resource-id = 'com.example.mikebanks.bankscorpfinancial:id/btn_add_payee']"}[39m
[35m[HTTP][39m [37m<-- POST /wd/hub/session/5b57e928-a60a-4435-8464-98372485c93b/elements [39m[32m200[39m [90m104 ms - 139[39m
[35m[HTTP][39m [90m[39m
[35m[HTTP][39m [37m-->[39m [37mGET[39m [37m/wd/hub/session/5b57e928-a60a-4435-8464-98372485c93b/window/rect[39m
[35m[HTTP][39m [90m{}[39m
[35m[HTTP][39m [37m<-- GET /wd/hub/session/5b57e928-a60a-4435-8464-98372485c93b/window/rect [39m[32m200[39m [90m23 ms - 50[39m
[35m[HTTP][39m [90m[39m
[35m[HTTP][39m [37m-->[39m [37mPOST[39m [37m/wd/hub/session/5b57e928-a60a-4435-8464-98372485c93b/elements[39m
[35m[HTTP][39m [90m{"using":"xpath","value":"//*[@class = 'android.widget.Button' and (@text = 'ADD' or . = 'ADD') and @resource-id = 'com.example.mikebanks.bankscorpfinancial:id/btn_add_payee']"}[39m
[35m[HTTP][39m [37m<-- POST /wd/hub/session/5b57e928-a60a-4435-8464-98372485c93b/elements [39m[32m200[39m [90m107 ms - 139[39m
[35m[HTTP][39m [90m[39m
[35m[HTTP][39m [37m-->[39m [37mGET[39m [37m/wd/hub/session/5b57e928-a60a-4435-8464-98372485c93b/element/00000000-0000-3ea2-ffff-ffff0000006e/location[39m
[35m[HTTP][39m [90m{}[39m
[35m[W3C (5b57e928)][39m Driver proxy active, passing request on via HTTP proxy
[35m[WD Proxy][39m Replacing sessionId 43a26d0e-2e8c-4082-9654-54c4e91bfda8 with 5b57e928-a60a-4435-8464-98372485c93b
[35m[HTTP][39m [37m<-- GET /wd/hub/session/5b57e928-a60a-4435-8464-98372485c93b/element/00000000-0000-3ea2-ffff-ffff0000006e/location [39m[32m200[39m [90m27 ms - 78[39m
[35m[HTTP][39m [90m[39m
[35m[HTTP][39m [37m-->[39m [37mPOST[39m [37m/wd/hub/session/5b57e928-a60a-4435-8464-98372485c93b/touch/perform[39m
[35m[HTTP][39m [90m{"actions":[{"action":"tap","options":{"x":1,"y":1,"element":"00000000-0000-3ea2-ffff-ffff0000006e"}}]}[39m
[35m[UiAutomator2][39m calling get location: 00000000-0000-3ea2-ffff-ffff0000006e
[35m[HTTP][39m [37m<-- POST /wd/hub/session/5b57e928-a60a-4435-8464-98372485c93b/touch/perform [39m[32m200[39m [90m188 ms - 14[39m
[35m[HTTP][39m [90m[39m
[35m[HTTP][39m [37m-->[39m [37mGET[39m [37m/wd/hub/session/5b57e928-a60a-4435-8464-98372485c93b/source[39m
[35m[HTTP][39m [90m{}[39m
[35m[W3C (5b57e928)][39m Driver proxy active, passing request on via HTTP proxy
[35m[WD Proxy][39m Replacing sessionId 43a26d0e-2e8c-4082-9654-54c4e91bfda8 with 5b57e928-a60a-4435-8464-98372485c93b
[35m[HTTP][39m [37m<-- GET /wd/hub/session/5b57e928-a60a-4435-8464-98372485c93b/source [39m[32m200[39m [90m618 ms - 13434[39m
[35m[HTTP][39m [90m[39m
[35m[HTTP][39m [37m-->[39m [37mGET[39m [37m/wd/hub/session/5b57e928-a60a-4435-8464-98372485c93b/screenshot[39m
[35m[HTTP][39m [90m{}[39m
[35m[HTTP][39m [37m<-- GET /wd/hub/session/5b57e928-a60a-4435-8464-98372485c93b/screenshot [39m[32m200[39m [90m606 ms - 147774[39m
[35m[HTTP][39m [90m[39m
[35m[HTTP][39m [37m-->[39m [37mDELETE[39m [37m/wd/hub/session/5b57e928-a60a-4435-8464-98372485c93b[39m
[35m[HTTP][39m [90m{}[39m
[35m[Appium][39m Removing session 5b57e928-a60a-4435-8464-98372485c93b from our master session list
[35m[UiAutomator2][39m Restoring hidden api policy to the device default configuration
[35m[HTTP][39m [37m<-- DELETE /wd/hub/session/5b57e928-a60a-4435-8464-98372485c93b [39m[32m200[39m [90m553 ms - 14[39m
[35m[HTTP][39m [90m[39m
